time="2020-05-04T15:40:48+08:00" level=info msg="Shutdown Server ..." func=task-system/src/common.Run file="E:/OneDrive/learning/program/Go/myGoProjects/TaskDistributionSystem/src/common/common.go:50"
time="2020-05-04T15:40:48+08:00" level=info msg="Server exiting" func=task-system/src/common.Run file="E:/OneDrive/learning/program/Go/myGoProjects/TaskDistributionSystem/src/common/common.go:57"
time="2020-05-04T15:47:39+08:00" level=fatal msg="Error 1045: Access denied for user 'root'@'27.38.40.62' (using password: NO)" func=task-system/database/mysql.init.0 file="e:/OneDrive/learning/program/Go/myGoProjects/TaskDistributionSystem/database/mysql/mysql.go:18"
time="2020-05-05T11:23:15+08:00" level=info func=task-system/middleware.LoggerToFile.func1 file="e:/OneDrive/learning/program/Go/myGoProjects/TaskDistributionSystem/middleware/logToFile.go:48" client_ip="::1" latency_time=0 req_method=GET req_uri=/ status_code=404
time="2020-05-05T11:26:49+08:00" level=info func=task-system/middleware.LoggerToFile.func1 file="e:/OneDrive/learning/program/Go/myGoProjects/TaskDistributionSystem/middleware/logToFile.go:48" client_ip="::1" latency_time=0 req_method=GET req_uri=/long/pwd status_code=404
time="2020-05-05T11:28:06+08:00" level=info func=task-system/middleware.LoggerToFile.func1 file="e:/OneDrive/learning/program/Go/myGoProjects/TaskDistributionSystem/middleware/logToFile.go:48" client_ip="::1" latency_time=0 req_method=GET req_uri=/ status_code=404
time="2020-05-05T11:28:13+08:00" level=info func=task-system/middleware.LoggerToFile.func1 file="e:/OneDrive/learning/program/Go/myGoProjects/TaskDistributionSystem/middleware/logToFile.go:48" client_ip="::1" latency_time=0 req_method=GET req_uri="/long?pwd=ssss&emeil=sssss" status_code=404
time="2020-05-05T11:28:29+08:00" level=info func=task-system/middleware.LoggerToFile.func1 file="e:/OneDrive/learning/program/Go/myGoProjects/TaskDistributionSystem/middleware/logToFile.go:48" client_ip="::1" latency_time=0 req_method=GET req_uri="/v1/long?pwd=ssss&emeil=sssss" status_code=404
time="2020-05-05T11:28:52+08:00" level=info func=task-system/middleware.LoggerToFile.func1 file="e:/OneDrive/learning/program/Go/myGoProjects/TaskDistributionSystem/middleware/logToFile.go:48" client_ip="::1" latency_time=37 req_method=GET req_uri="/v1/logn?pwd=ssss&emeil=sssss" status_code=200
time="2020-05-05T11:31:37+08:00" level=info func=task-system/middleware.LoggerToFile.func1 file="e:/OneDrive/learning/program/Go/myGoProjects/TaskDistributionSystem/middleware/logToFile.go:48" client_ip="::1" latency_time=0 req_method=GET req_uri=/ status_code=404
time="2020-05-05T11:31:39+08:00" level=error msg="Error 1054: Unknown column 'emile' in 'where clause'" func="task-system/models/login.(*Login).PwdCheck" file="e:/OneDrive/learning/program/Go/myGoProjects/TaskDistributionSystem/models/login/logn.go:17"
time="2020-05-05T11:31:39+08:00" level=info func=task-system/middleware.LoggerToFile.func1 file="e:/OneDrive/learning/program/Go/myGoProjects/TaskDistributionSystem/middleware/logToFile.go:48" client_ip="::1" latency_time=37 req_method=GET req_uri="/v1/logn?pwd=ssss&emeil=sssss" status_code=401
time="2020-05-05T11:33:04+08:00" level=info func=task-system/middleware.LoggerToFile.func1 file="e:/OneDrive/learning/program/Go/myGoProjects/TaskDistributionSystem/middleware/logToFile.go:48" client_ip="::1" latency_time=0 req_method=GET req_uri=/ status_code=404
time="2020-05-05T11:33:07+08:00" level=error msg="sql: no rows in result set" func="task-system/models/login.(*Login).PwdCheck" file="e:/OneDrive/learning/program/Go/myGoProjects/TaskDistributionSystem/models/login/logn.go:17"
time="2020-05-05T11:33:07+08:00" level=info func=task-system/middleware.LoggerToFile.func1 file="e:/OneDrive/learning/program/Go/myGoProjects/TaskDistributionSystem/middleware/logToFile.go:48" client_ip="::1" latency_time=73 req_method=GET req_uri="/v1/logn?pwd=ssss&emeil=sssss" status_code=401
time="2020-05-05T11:33:09+08:00" level=error msg="sql: no rows in result set" func="task-system/models/login.(*Login).PwdCheck" file="e:/OneDrive/learning/program/Go/myGoProjects/TaskDistributionSystem/models/login/logn.go:17"
time="2020-05-05T11:33:09+08:00" level=info func=task-system/middleware.LoggerToFile.func1 file="e:/OneDrive/learning/program/Go/myGoProjects/TaskDistributionSystem/middleware/logToFile.go:48" client_ip="::1" latency_time=72 req_method=GET req_uri="/v1/logn?pwd=ssss&emeil=sssss" status_code=401
time="2020-05-05T11:34:04+08:00" level=error msg="sql: no rows in result set" func="task-system/models/login.(*Login).PwdCheck" file="e:/OneDrive/learning/program/Go/myGoProjects/TaskDistributionSystem/models/login/logn.go:17"
time="2020-05-05T11:34:04+08:00" level=info func=task-system/middleware.LoggerToFile.func1 file="e:/OneDrive/learning/program/Go/myGoProjects/TaskDistributionSystem/middleware/logToFile.go:48" client_ip="::1" latency_time=72 req_method=GET req_uri="/v1/logn?pwd=ssss&emeil=sssss" status_code=401
time="2020-05-05T11:35:46+08:00" level=info func=task-system/middleware.LoggerToFile.func1 file="e:/OneDrive/learning/program/Go/myGoProjects/TaskDistributionSystem/middleware/logToFile.go:48" client_ip="::1" latency_time=73 req_method=GET req_uri="/v1/logn?pwd=12345678&emeil=leiju@outlook.com" status_code=200
time="2020-05-05T11:44:13+08:00" level=info func=task-system/middleware.LoggerToFile.func1 file="e:/OneDrive/learning/program/Go/myGoProjects/TaskDistributionSystem/middleware/logToFile.go:48" client_ip="::1" latency_time=72 req_method=GET req_uri="/v1/logn?pwd=12345678&emeil=leiju@outlook.com" status_code=200
time="2020-05-05T11:45:52+08:00" level=info func=task-system/middleware.LoggerToFile.func1 file="e:/OneDrive/learning/program/Go/myGoProjects/TaskDistributionSystem/middleware/logToFile.go:48" client_ip="::1" latency_time=72 req_method=GET req_uri="/v1/logn?pwd=12345678&emeil=leiju@outlook.com" status_code=200
time="2020-05-05T11:58:53+08:00" level=info func=task-system/middleware.LoggerToFile.func1 file="e:/OneDrive/learning/program/Go/myGoProjects/TaskDistributionSystem/middleware/logToFile.go:48" client_ip="::1" latency_time=0 req_method=GET req_uri=/ status_code=404
time="2020-05-05T11:59:14+08:00" level=info func=task-system/middleware.LoggerToFile.func1 file="e:/OneDrive/learning/program/Go/myGoProjects/TaskDistributionSystem/middleware/logToFile.go:48" client_ip="::1" latency_time=74 req_method=GET req_uri="/v1/logn?pwd=12345678&emeil=leiju@outlook.com" status_code=200
time="2020-05-05T11:59:54+08:00" level=info func=task-system/middleware.LoggerToFile.func1 file="e:/OneDrive/learning/program/Go/myGoProjects/TaskDistributionSystem/middleware/logToFile.go:48" client_ip="::1" latency_time=0 req_method=GET req_uri=/v1/jwt status_code=200
time="2020-05-05T12:00:14+08:00" level=info func=task-system/middleware.LoggerToFile.func1 file="e:/OneDrive/learning/program/Go/myGoProjects/TaskDistributionSystem/middleware/logToFile.go:48" client_ip="::1" latency_time=0 req_method=GET req_uri=/v1/jwt status_code=401
time="2020-05-05T12:00:24+08:00" level=info func=task-system/middleware.LoggerToFile.func1 file="e:/OneDrive/learning/program/Go/myGoProjects/TaskDistributionSystem/middleware/logToFile.go:48" client_ip="::1" latency_time=0 req_method=GET req_uri=/v1/jwt status_code=200
time="2020-05-05T12:00:28+08:00" level=info func=task-system/middleware.LoggerToFile.func1 file="e:/OneDrive/learning/program/Go/myGoProjects/TaskDistributionSystem/middleware/logToFile.go:48" client_ip="::1" latency_time=0 req_method=GET req_uri=/v1/jwt status_code=401
time="2020-05-05T12:00:59+08:00" level=info func=task-system/middleware.LoggerToFile.func1 file="e:/OneDrive/learning/program/Go/myGoProjects/TaskDistributionSystem/middleware/logToFile.go:48" client_ip="::1" latency_time=0 req_method=GET req_uri=/v1/jwt status_code=401
time="2020-05-05T12:01:07+08:00" level=info func=task-system/middleware.LoggerToFile.func1 file="e:/OneDrive/learning/program/Go/myGoProjects/TaskDistributionSystem/middleware/logToFile.go:48" client_ip="::1" latency_time=0 req_method=GET req_uri=/v1/jwt status_code=401
time="2020-05-05T13:26:29+08:00" level=info func=task-system/middleware.LoggerToFile.func1 file="e:/OneDrive/learning/program/Go/myGoProjects/TaskDistributionSystem/middleware/logToFile.go:48" client_ip="::1" latency_time=0 req_method=GET req_uri=/ status_code=404
time="2020-05-05T13:26:34+08:00" level=info func=task-system/middleware.LoggerToFile.func1 file="e:/OneDrive/learning/program/Go/myGoProjects/TaskDistributionSystem/middleware/logToFile.go:48" client_ip="::1" latency_time=75 req_method=GET req_uri="/v1/logn?pwd=12345678&emeil=leiju@outlook.com" status_code=200
time="2020-05-05T13:26:57+08:00" level=info func=task-system/middleware.LoggerToFile.func1 file="e:/OneDrive/learning/program/Go/myGoProjects/TaskDistributionSystem/middleware/logToFile.go:48" client_ip="::1" latency_time=0 req_method=GET req_uri=/v1/user status_code=200
time="2020-05-05T13:27:04+08:00" level=info func=task-system/middleware.LoggerToFile.func1 file="e:/OneDrive/learning/program/Go/myGoProjects/TaskDistributionSystem/middleware/logToFile.go:48" client_ip="::1" latency_time=0 req_method=GET req_uri=/v1/user status_code=200
time="2020-05-05T13:31:27+08:00" level=info func=task-system/middleware.LoggerToFile.func1 file="e:/OneDrive/learning/program/Go/myGoProjects/TaskDistributionSystem/middleware/logToFile.go:48" client_ip="::1" latency_time=0 req_method=GET req_uri=/ status_code=404
time="2020-05-05T13:31:34+08:00" level=info func=task-system/middleware.LoggerToFile.func1 file="e:/OneDrive/learning/program/Go/myGoProjects/TaskDistributionSystem/middleware/logToFile.go:48" client_ip="::1" latency_time=75 req_method=GET req_uri="/v1/logn?pwd=12345678&emeil=leiju@outlook.com" status_code=200
time="2020-05-05T13:38:27+08:00" level=info func=task-system/middleware.LoggerToFile.func1 file="e:/OneDrive/learning/program/Go/myGoProjects/TaskDistributionSystem/middleware/logToFile.go:48" client_ip="::1" latency_time=0 req_method=GET req_uri=/ status_code=404
time="2020-05-05T13:38:40+08:00" level=info func=task-system/middleware.LoggerToFile.func1 file="e:/OneDrive/learning/program/Go/myGoProjects/TaskDistributionSystem/middleware/logToFile.go:48" client_ip="::1" latency_time=0 req_method=GET req_uri=/v1/jwt status_code=403
time="2020-05-05T13:38:49+08:00" level=info func=task-system/middleware.LoggerToFile.func1 file="e:/OneDrive/learning/program/Go/myGoProjects/TaskDistributionSystem/middleware/logToFile.go:48" client_ip="::1" latency_time=72 req_method=GET req_uri="/v1/logn?pwd=12345678&emeil=leiju@outlook.com" status_code=200
time="2020-05-05T13:38:58+08:00" level=info func=task-system/middleware.LoggerToFile.func1 file="e:/OneDrive/learning/program/Go/myGoProjects/TaskDistributionSystem/middleware/logToFile.go:48" client_ip="::1" latency_time=0 req_method=GET req_uri=/v1/jwt status_code=403
time="2020-05-05T13:41:01+08:00" level=info func=task-system/middleware.LoggerToFile.func1 file="e:/OneDrive/learning/program/Go/myGoProjects/TaskDistributionSystem/middleware/logToFile.go:48" client_ip="::1" latency_time=70 req_method=GET req_uri="/v1/logn?pwd=12345678&emeil=leiju@outlook.com" status_code=200
time="2020-05-05T13:41:13+08:00" level=info func=task-system/middleware.LoggerToFile.func1 file="e:/OneDrive/learning/program/Go/myGoProjects/TaskDistributionSystem/middleware/logToFile.go:48" client_ip="::1" latency_time=0 req_method=GET req_uri=/v1/jwt status_code=403
time="2020-05-05T13:41:16+08:00" level=info func=task-system/middleware.LoggerToFile.func1 file="e:/OneDrive/learning/program/Go/myGoProjects/TaskDistributionSystem/middleware/logToFile.go:48" client_ip="::1" latency_time=0 req_method=GET req_uri=/v1/jwt status_code=403
time="2020-05-05T13:42:53+08:00" level=info func=task-system/middleware.LoggerToFile.func1 file="e:/OneDrive/learning/program/Go/myGoProjects/TaskDistributionSystem/middleware/logToFile.go:48" client_ip="::1" latency_time=0 req_method=GET req_uri=/ status_code=404
time="2020-05-05T13:43:06+08:00" level=info func=task-system/middleware.LoggerToFile.func1 file="e:/OneDrive/learning/program/Go/myGoProjects/TaskDistributionSystem/middleware/logToFile.go:48" client_ip="::1" latency_time=78 req_method=GET req_uri="/v1/logn?pwd=12345678&emeil=leiju@outlook.com" status_code=200
time="2020-05-05T13:48:22+08:00" level=info func=task-system/middleware.LoggerToFile.func1 file="e:/OneDrive/learning/program/Go/myGoProjects/TaskDistributionSystem/middleware/logToFile.go:48" client_ip="::1" latency_time=0 req_method=GET req_uri=/ status_code=404
time="2020-05-05T13:48:24+08:00" level=info func=task-system/middleware.LoggerToFile.func1 file="e:/OneDrive/learning/program/Go/myGoProjects/TaskDistributionSystem/middleware/logToFile.go:48" client_ip="::1" latency_time=76 req_method=GET req_uri="/v1/logn?pwd=12345678&emeil=leiju@outlook.com" status_code=200
time="2020-05-05T13:50:53+08:00" level=info func=task-system/middleware.LoggerToFile.func1 file="e:/OneDrive/learning/program/Go/myGoProjects/TaskDistributionSystem/middleware/logToFile.go:48" client_ip="::1" latency_time=0 req_method=GET req_uri=/ status_code=404
time="2020-05-05T13:52:17+08:00" level=info func=task-system/middleware.LoggerToFile.func1 file="e:/OneDrive/learning/program/Go/myGoProjects/TaskDistributionSystem/middleware/logToFile.go:48" client_ip="::1" latency_time=0 req_method=GET req_uri=/ status_code=404
time="2020-05-05T13:55:33+08:00" level=info func=task-system/middleware.LoggerToFile.func1 file="e:/OneDrive/learning/program/Go/myGoProjects/TaskDistributionSystem/middleware/logToFile.go:48" client_ip="::1" latency_time=0 req_method=GET req_uri=/ status_code=404
time="2020-05-05T13:55:41+08:00" level=info func=task-system/middleware.LoggerToFile.func1 file="e:/OneDrive/learning/program/Go/myGoProjects/TaskDistributionSystem/middleware/logToFile.go:48" client_ip="::1" latency_time=0 req_method=GET req_uri=/v1/jwt status_code=403
time="2020-05-05T13:55:55+08:00" level=info func=task-system/middleware.LoggerToFile.func1 file="e:/OneDrive/learning/program/Go/myGoProjects/TaskDistributionSystem/middleware/logToFile.go:48" client_ip="::1" latency_time=76 req_method=GET req_uri="/v1/logn?pwd=12345678&emeil=leiju@outlook.com" status_code=200
time="2020-05-05T13:56:07+08:00" level=info func=task-system/middleware.LoggerToFile.func1 file="e:/OneDrive/learning/program/Go/myGoProjects/TaskDistributionSystem/middleware/logToFile.go:48" client_ip="::1" latency_time=0 req_method=GET req_uri=/v1/jwt status_code=403
time="2020-05-05T13:57:30+08:00" level=info func=task-system/middleware.LoggerToFile.func1 file="e:/OneDrive/learning/program/Go/myGoProjects/TaskDistributionSystem/middleware/logToFile.go:48" client_ip="::1" latency_time=0 req_method=GET req_uri=/ status_code=404
time="2020-05-05T13:57:35+08:00" level=info func=task-system/middleware.LoggerToFile.func1 file="e:/OneDrive/learning/program/Go/myGoProjects/TaskDistributionSystem/middleware/logToFile.go:48" client_ip="::1" latency_time=90 req_method=GET req_uri="/v1/logn?pwd=12345678&emeil=leiju@outlook.com" status_code=200
time="2020-05-05T13:57:38+08:00" level=info func=task-system/middleware.LoggerToFile.func1 file="e:/OneDrive/learning/program/Go/myGoProjects/TaskDistributionSystem/middleware/logToFile.go:48" client_ip="::1" latency_time=0 req_method=GET req_uri=/v1/jwt status_code=403
time="2020-05-05T13:59:18+08:00" level=info func=task-system/middleware.LoggerToFile.func1 file="e:/OneDrive/learning/program/Go/myGoProjects/TaskDistributionSystem/middleware/logToFile.go:48" client_ip="::1" latency_time=0 req_method=GET req_uri=/ status_code=404
time="2020-05-05T13:59:22+08:00" level=info func=task-system/middleware.LoggerToFile.func1 file="e:/OneDrive/learning/program/Go/myGoProjects/TaskDistributionSystem/middleware/logToFile.go:48" client_ip="::1" latency_time=0 req_method=GET req_uri=/v1/jwt status_code=403
time="2020-05-05T13:59:25+08:00" level=info func=task-system/middleware.LoggerToFile.func1 file="e:/OneDrive/learning/program/Go/myGoProjects/TaskDistributionSystem/middleware/logToFile.go:48" client_ip="::1" latency_time=76 req_method=GET req_uri="/v1/logn?pwd=12345678&emeil=leiju@outlook.com" status_code=200
time="2020-05-05T13:59:37+08:00" level=info func=task-system/middleware.LoggerToFile.func1 file="e:/OneDrive/learning/program/Go/myGoProjects/TaskDistributionSystem/middleware/logToFile.go:48" client_ip="::1" latency_time=0 req_method=GET req_uri=/v1/jwt status_code=403
time="2020-05-05T14:04:19+08:00" level=info func=task-system/middleware.LoggerToFile.func1 file="e:/OneDrive/learning/program/Go/myGoProjects/TaskDistributionSystem/middleware/logToFile.go:48" client_ip="::1" latency_time=0 req_method=GET req_uri=/ status_code=404
time="2020-05-05T14:04:21+08:00" level=info func=task-system/middleware.LoggerToFile.func1 file="e:/OneDrive/learning/program/Go/myGoProjects/TaskDistributionSystem/middleware/logToFile.go:48" client_ip="::1" latency_time=0 req_method=GET req_uri=/v1/jwt status_code=403
time="2020-05-05T14:04:26+08:00" level=info func=task-system/middleware.LoggerToFile.func1 file="e:/OneDrive/learning/program/Go/myGoProjects/TaskDistributionSystem/middleware/logToFile.go:48" client_ip="::1" latency_time=0 req_method=GET req_uri=/v1/jwt status_code=403
time="2020-05-05T14:04:36+08:00" level=info func=task-system/middleware.LoggerToFile.func1 file="e:/OneDrive/learning/program/Go/myGoProjects/TaskDistributionSystem/middleware/logToFile.go:48" client_ip="::1" latency_time=71 req_method=GET req_uri="/v1/logn?pwd=12345678&emeil=leiju@outlook.com" status_code=200
time="2020-05-05T14:04:48+08:00" level=info func=task-system/middleware.LoggerToFile.func1 file="e:/OneDrive/learning/program/Go/myGoProjects/TaskDistributionSystem/middleware/logToFile.go:48" client_ip="::1" latency_time=0 req_method=GET req_uri=/v1/jwt status_code=403
time="2020-05-05T14:04:49+08:00" level=info func=task-system/middleware.LoggerToFile.func1 file="e:/OneDrive/learning/program/Go/myGoProjects/TaskDistributionSystem/middleware/logToFile.go:48" client_ip="::1" latency_time=0 req_method=GET req_uri=/v1/jwt status_code=403
time="2020-05-05T14:09:45+08:00" level=info func=task-system/middleware.LoggerToFile.func1 file="e:/OneDrive/learning/program/Go/myGoProjects/TaskDistributionSystem/middleware/logToFile.go:48" client_ip="::1" latency_time=0 req_method=GET req_uri=/ status_code=404
time="2020-05-05T14:09:52+08:00" level=info func=task-system/middleware.LoggerToFile.func1 file="e:/OneDrive/learning/program/Go/myGoProjects/TaskDistributionSystem/middleware/logToFile.go:48" client_ip="::1" latency_time=74 req_method=GET req_uri="/v1/logn?pwd=12345678&emeil=leiju@outlook.com" status_code=200
time="2020-05-05T14:09:54+08:00" level=info func=task-system/middleware.LoggerToFile.func1 file="e:/OneDrive/learning/program/Go/myGoProjects/TaskDistributionSystem/middleware/logToFile.go:48" client_ip="::1" latency_time=1 req_method=GET req_uri=/v1/jwt status_code=403
time="2020-05-05T14:09:55+08:00" level=info func=task-system/middleware.LoggerToFile.func1 file="e:/OneDrive/learning/program/Go/myGoProjects/TaskDistributionSystem/middleware/logToFile.go:48" client_ip="::1" latency_time=0 req_method=GET req_uri=/v1/jwt status_code=403
time="2020-05-05T14:09:56+08:00" level=info func=task-system/middleware.LoggerToFile.func1 file="e:/OneDrive/learning/program/Go/myGoProjects/TaskDistributionSystem/middleware/logToFile.go:48" client_ip="::1" latency_time=0 req_method=GET req_uri=/v1/jwt status_code=403
time="2020-05-05T14:20:28+08:00" level=info func=task-system/middleware.LoggerToFile.func1 file="e:/OneDrive/learning/program/Go/myGoProjects/TaskDistributionSystem/middleware/logToFile.go:48" client_ip="::1" latency_time=0 req_method=GET req_uri=/ status_code=404
time="2020-05-05T14:20:46+08:00" level=info func=task-system/middleware.LoggerToFile.func1 file="e:/OneDrive/learning/program/Go/myGoProjects/TaskDistributionSystem/middleware/logToFile.go:48" client_ip="::1" latency_time=0 req_method=POST req_uri="/v1/logn?pwd=12345678&emeil=leiju@outlook.com" status_code=200
time="2020-05-05T14:20:54+08:00" level=info func=task-system/middleware.LoggerToFile.func1 file="e:/OneDrive/learning/program/Go/myGoProjects/TaskDistributionSystem/middleware/logToFile.go:48" client_ip="::1" latency_time=0 req_method=GET req_uri="/v1/logn?pwd=12345678&emeil=leiju@outlook.com" status_code=200
time="2020-05-05T14:20:56+08:00" level=info func=task-system/middleware.LoggerToFile.func1 file="e:/OneDrive/learning/program/Go/myGoProjects/TaskDistributionSystem/middleware/logToFile.go:48" client_ip="::1" latency_time=0 req_method=GET req_uri="/v1/logn?pwd=12345678&emeil=leiju@outlook.com" status_code=200
time="2020-05-05T14:21:05+08:00" level=info func=task-system/middleware.LoggerToFile.func1 file="e:/OneDrive/learning/program/Go/myGoProjects/TaskDistributionSystem/middleware/logToFile.go:48" client_ip="::1" latency_time=0 req_method=GET req_uri="/v1/logn?pwd=12345678&emeil=leiju@outlook.com" status_code=200
time="2020-05-05T14:21:09+08:00" level=info func=task-system/middleware.LoggerToFile.func1 file="e:/OneDrive/learning/program/Go/myGoProjects/TaskDistributionSystem/middleware/logToFile.go:48" client_ip="::1" latency_time=0 req_method=GET req_uri="/v1/logn?pwd=12345678&emeil=leiju@outlook.com" status_code=200
time="2020-05-05T14:23:58+08:00" level=info func=task-system/middleware.LoggerToFile.func1 file="e:/OneDrive/learning/program/Go/myGoProjects/TaskDistributionSystem/middleware/logToFile.go:48" client_ip="::1" latency_time=0 req_method=GET req_uri=/ status_code=404
time="2020-05-05T14:24:00+08:00" level=info func=task-system/middleware.LoggerToFile.func1 file="e:/OneDrive/learning/program/Go/myGoProjects/TaskDistributionSystem/middleware/logToFile.go:48" client_ip="::1" latency_time=71 req_method=GET req_uri="/v1/logn?pwd=12345678&emeil=leiju@outlook.com" status_code=200
time="2020-05-05T14:24:02+08:00" level=info func=task-system/middleware.LoggerToFile.func1 file="e:/OneDrive/learning/program/Go/myGoProjects/TaskDistributionSystem/middleware/logToFile.go:48" client_ip="::1" latency_time=0 req_method=GET req_uri=/v1/jwt status_code=403
time="2020-05-05T14:24:32+08:00" level=info func=task-system/middleware.LoggerToFile.func1 file="e:/OneDrive/learning/program/Go/myGoProjects/TaskDistributionSystem/middleware/logToFile.go:48" client_ip="::1" latency_time=0 req_method=GET req_uri=/v1/jwt status_code=403
time="2020-05-05T14:25:24+08:00" level=info func=task-system/middleware.LoggerToFile.func1 file="e:/OneDrive/learning/program/Go/myGoProjects/TaskDistributionSystem/middleware/logToFile.go:48" client_ip="::1" latency_time=0 req_method=GET req_uri=/ status_code=404
time="2020-05-05T14:25:27+08:00" level=info func=task-system/middleware.LoggerToFile.func1 file="e:/OneDrive/learning/program/Go/myGoProjects/TaskDistributionSystem/middleware/logToFile.go:48" client_ip="::1" latency_time=0 req_method=GET req_uri=/v1/jwt status_code=403
time="2020-05-05T14:25:29+08:00" level=info func=task-system/middleware.LoggerToFile.func1 file="e:/OneDrive/learning/program/Go/myGoProjects/TaskDistributionSystem/middleware/logToFile.go:48" client_ip="::1" latency_time=0 req_method=GET req_uri=/v1/jwt status_code=403
time="2020-05-05T14:25:38+08:00" level=info func=task-system/middleware.LoggerToFile.func1 file="e:/OneDrive/learning/program/Go/myGoProjects/TaskDistributionSystem/middleware/logToFile.go:48" client_ip="::1" latency_time=85 req_method=GET req_uri="/v1/logn?pwd=12345678&emeil=leiju@outlook.com" status_code=200
time="2020-05-05T14:55:52+08:00" level=info func=task-system/middleware.LoggerToFile.func1 file="e:/OneDrive/learning/program/Go/myGoProjects/TaskDistributionSystem/middleware/logToFile.go:48" client_ip="::1" latency_time=0 req_method=GET req_uri=/ status_code=404
time="2020-05-05T14:55:55+08:00" level=info func=task-system/middleware.LoggerToFile.func1 file="e:/OneDrive/learning/program/Go/myGoProjects/TaskDistributionSystem/middleware/logToFile.go:48" client_ip="::1" latency_time=0 req_method=GET req_uri=/v1/jwt status_code=200
time="2020-05-05T15:57:40+08:00" level=info func=task-system/middleware.LoggerToFile.func1 file="e:/OneDrive/learning/program/Go/myGoProjects/TaskDistributionSystem/middleware/logToFile.go:48" client_ip="::1" latency_time=0 req_method=GET req_uri=/ status_code=404
time="2020-05-05T15:57:58+08:00" level=info func=task-system/middleware.LoggerToFile.func1 file="e:/OneDrive/learning/program/Go/myGoProjects/TaskDistributionSystem/middleware/logToFile.go:48" client_ip="::1" latency_time=0 req_method=GET req_uri=/ status_code=404
time="2020-05-05T15:58:00+08:00" level=info func=task-system/middleware.LoggerToFile.func1 file="e:/OneDrive/learning/program/Go/myGoProjects/TaskDistributionSystem/middleware/logToFile.go:48" client_ip="::1" latency_time=74 req_method=GET req_uri="/v1/logn?pwd=12345678&emeil=leiju@outlook.com" status_code=200
time="2020-05-05T15:58:04+08:00" level=info func=task-system/middleware.LoggerToFile.func1 file="e:/OneDrive/learning/program/Go/myGoProjects/TaskDistributionSystem/middleware/logToFile.go:48" client_ip="::1" latency_time=0 req_method=GET req_uri=/v1/jwt status_code=403
time="2020-05-05T15:58:08+08:00" level=info msg="<nil>" func=task-system/apis.JwtToUser.func1 file="e:/OneDrive/learning/program/Go/myGoProjects/TaskDistributionSystem/apis/jwt_api.go:19"
time="2020-05-05T15:58:08+08:00" level=info func=task-system/middleware.LoggerToFile.func1 file="e:/OneDrive/learning/program/Go/myGoProjects/TaskDistributionSystem/middleware/logToFile.go:48" client_ip="::1" latency_time=0 req_method=GET req_uri=/v1/user status_code=200
time="2020-05-05T15:58:57+08:00" level=info func=task-system/middleware.LoggerToFile.func1 file="e:/OneDrive/learning/program/Go/myGoProjects/TaskDistributionSystem/middleware/logToFile.go:48" client_ip="::1" latency_time=0 req_method=GET req_uri=/ status_code=404
time="2020-05-05T15:58:59+08:00" level=info msg="<nil>" func=task-system/apis.JwtToUser.func1 file="e:/OneDrive/learning/program/Go/myGoProjects/TaskDistributionSystem/apis/jwt_api.go:19"
time="2020-05-05T15:58:59+08:00" level=info func=task-system/middleware.LoggerToFile.func1 file="e:/OneDrive/learning/program/Go/myGoProjects/TaskDistributionSystem/middleware/logToFile.go:48" client_ip="::1" latency_time=0 req_method=GET req_uri=/v1/user status_code=200
time="2020-05-05T15:59:02+08:00" level=info func=task-system/middleware.LoggerToFile.func1 file="e:/OneDrive/learning/program/Go/myGoProjects/TaskDistributionSystem/middleware/logToFile.go:48" client_ip="::1" latency_time=0 req_method=GET req_uri=/v1/jwt status_code=403
time="2020-05-05T15:59:05+08:00" level=info func=task-system/middleware.LoggerToFile.func1 file="e:/OneDrive/learning/program/Go/myGoProjects/TaskDistributionSystem/middleware/logToFile.go:48" client_ip="::1" latency_time=73 req_method=GET req_uri="/v1/logn?pwd=12345678&emeil=leiju@outlook.com" status_code=200
time="2020-05-05T15:59:16+08:00" level=info func=task-system/middleware.LoggerToFile.func1 file="e:/OneDrive/learning/program/Go/myGoProjects/TaskDistributionSystem/middleware/logToFile.go:48" client_ip="::1" latency_time=0 req_method=GET req_uri=/v1/jwt status_code=403
time="2020-05-05T16:00:12+08:00" level=info func=task-system/middleware.LoggerToFile.func1 file="e:/OneDrive/learning/program/Go/myGoProjects/TaskDistributionSystem/middleware/logToFile.go:48" client_ip="::1" latency_time=0 req_method=GET req_uri=/ status_code=404
time="2020-05-05T16:00:21+08:00" level=info func=task-system/middleware.LoggerToFile.func1 file="e:/OneDrive/learning/program/Go/myGoProjects/TaskDistributionSystem/middleware/logToFile.go:48" client_ip="::1" latency_time=0 req_method=GET req_uri=/v1/jwt status_code=200
time="2020-05-05T16:00:32+08:00" level=info msg="<nil>" func=task-system/apis.JwtToUser.func1 file="e:/OneDrive/learning/program/Go/myGoProjects/TaskDistributionSystem/apis/jwt_api.go:19"
time="2020-05-05T16:00:32+08:00" level=info func=task-system/middleware.LoggerToFile.func1 file="e:/OneDrive/learning/program/Go/myGoProjects/TaskDistributionSystem/middleware/logToFile.go:48" client_ip="::1" latency_time=0 req_method=GET req_uri=/v1/user status_code=200
time="2020-05-05T16:00:35+08:00" level=info msg="<nil>" func=task-system/apis.JwtToUser.func1 file="e:/OneDrive/learning/program/Go/myGoProjects/TaskDistributionSystem/apis/jwt_api.go:19"
time="2020-05-05T16:00:35+08:00" level=info func=task-system/middleware.LoggerToFile.func1 file="e:/OneDrive/learning/program/Go/myGoProjects/TaskDistributionSystem/middleware/logToFile.go:48" client_ip="::1" latency_time=0 req_method=GET req_uri=/v1/user status_code=200
time="2020-05-05T16:00:38+08:00" level=info func=task-system/middleware.LoggerToFile.func1 file="e:/OneDrive/learning/program/Go/myGoProjects/TaskDistributionSystem/middleware/logToFile.go:48" client_ip="::1" latency_time=0 req_method=GET req_uri=/v1/jwt status_code=200
time="2020-05-05T16:00:41+08:00" level=info func=task-system/middleware.LoggerToFile.func1 file="e:/OneDrive/learning/program/Go/myGoProjects/TaskDistributionSystem/middleware/logToFile.go:48" client_ip="::1" latency_time=73 req_method=GET req_uri="/v1/logn?pwd=12345678&emeil=leiju@outlook.com" status_code=200
time="2020-05-05T16:01:09+08:00" level=info msg="<nil>" func=task-system/apis.JwtToUser.func1 file="e:/OneDrive/learning/program/Go/myGoProjects/TaskDistributionSystem/apis/jwt_api.go:19"
time="2020-05-05T16:01:09+08:00" level=info func=task-system/middleware.LoggerToFile.func1 file="e:/OneDrive/learning/program/Go/myGoProjects/TaskDistributionSystem/middleware/logToFile.go:48" client_ip="::1" latency_time=0 req_method=GET req_uri=/v1/user status_code=200
time="2020-05-05T16:01:10+08:00" level=info msg="<nil>" func=task-system/apis.JwtToUser.func1 file="e:/OneDrive/learning/program/Go/myGoProjects/TaskDistributionSystem/apis/jwt_api.go:19"
time="2020-05-05T16:01:10+08:00" level=info func=task-system/middleware.LoggerToFile.func1 file="e:/OneDrive/learning/program/Go/myGoProjects/TaskDistributionSystem/middleware/logToFile.go:48" client_ip="::1" latency_time=0 req_method=GET req_uri=/v1/user status_code=200
time="2020-05-05T16:01:14+08:00" level=info msg="<nil>" func=task-system/apis.JwtToUser.func1 file="e:/OneDrive/learning/program/Go/myGoProjects/TaskDistributionSystem/apis/jwt_api.go:19"
time="2020-05-05T16:01:14+08:00" level=info func=task-system/middleware.LoggerToFile.func1 file="e:/OneDrive/learning/program/Go/myGoProjects/TaskDistributionSystem/middleware/logToFile.go:48" client_ip="::1" latency_time=0 req_method=GET req_uri=/v1/user status_code=200
time="2020-05-05T16:01:20+08:00" level=info func=task-system/middleware.LoggerToFile.func1 file="e:/OneDrive/learning/program/Go/myGoProjects/TaskDistributionSystem/middleware/logToFile.go:48" client_ip="::1" latency_time=0 req_method=GET req_uri=/v1/jwt status_code=200
time="2020-05-05T16:01:21+08:00" level=info func=task-system/middleware.LoggerToFile.func1 file="e:/OneDrive/learning/program/Go/myGoProjects/TaskDistributionSystem/middleware/logToFile.go:48" client_ip="::1" latency_time=0 req_method=GET req_uri=/v1/jwt status_code=200
time="2020-05-05T16:01:34+08:00" level=info func=task-system/middleware.LoggerToFile.func1 file="e:/OneDrive/learning/program/Go/myGoProjects/TaskDistributionSystem/middleware/logToFile.go:48" client_ip="::1" latency_time=0 req_method=GET req_uri=/v1/jwt status_code=200
time="2020-05-05T16:01:34+08:00" level=info func=task-system/middleware.LoggerToFile.func1 file="e:/OneDrive/learning/program/Go/myGoProjects/TaskDistributionSystem/middleware/logToFile.go:48" client_ip="::1" latency_time=0 req_method=GET req_uri=/v1/jwt status_code=200
time="2020-05-05T16:02:55+08:00" level=info func=task-system/middleware.LoggerToFile.func1 file="e:/OneDrive/learning/program/Go/myGoProjects/TaskDistributionSystem/middleware/logToFile.go:48" client_ip="::1" latency_time=0 req_method=GET req_uri=/v1/jwt status_code=401
time="2020-05-05T16:03:15+08:00" level=info msg="<nil>" func=task-system/apis.JwtToUser.func1 file="e:/OneDrive/learning/program/Go/myGoProjects/TaskDistributionSystem/apis/jwt_api.go:19"
time="2020-05-05T16:03:15+08:00" level=info func=task-system/middleware.LoggerToFile.func1 file="e:/OneDrive/learning/program/Go/myGoProjects/TaskDistributionSystem/middleware/logToFile.go:48" client_ip="::1" latency_time=0 req_method=GET req_uri=/v1/user status_code=200
time="2020-05-05T16:03:21+08:00" level=info func=task-system/middleware.LoggerToFile.func1 file="e:/OneDrive/learning/program/Go/myGoProjects/TaskDistributionSystem/middleware/logToFile.go:48" client_ip="::1" latency_time=74 req_method=GET req_uri="/v1/logn?pwd=12345678&emeil=leiju@outlook.com" status_code=200
time="2020-05-05T16:15:32+08:00" level=info msg="{4 leiju leiju@outlook.com   2020-05-05 00:41:13 +0000 UTC 2020-05-05 00:41:13 +0000 UTC 0}" func=task-system/middleware.init.0.func2 file="e:/OneDrive/learning/program/Go/myGoProjects/TaskDistributionSystem/middleware/gin-jwt.go:47"
time="2020-05-05T16:15:32+08:00" level=info func=task-system/middleware.LoggerToFile.func1 file="e:/OneDrive/learning/program/Go/myGoProjects/TaskDistributionSystem/middleware/logToFile.go:48" client_ip="::1" latency_time=104 req_method=GET req_uri="/v1/logn?pwd=12345678&emeil=leiju@outlook.com" status_code=200
time="2020-05-05T16:16:59+08:00" level=info func=task-system/middleware.LoggerToFile.func1 file="e:/OneDrive/learning/program/Go/myGoProjects/TaskDistributionSystem/middleware/logToFile.go:48" client_ip="::1" latency_time=0 req_method=GET req_uri=/v1/jwt status_code=401
time="2020-05-05T16:17:35+08:00" level=info msg="test 2" func=task-system/middleware.init.0.func3 file="e:/OneDrive/learning/program/Go/myGoProjects/TaskDistributionSystem/middleware/gin-jwt.go:57"
time="2020-05-05T16:17:35+08:00" level=info func=task-system/middleware.LoggerToFile.func1 file="e:/OneDrive/learning/program/Go/myGoProjects/TaskDistributionSystem/middleware/logToFile.go:48" client_ip="::1" latency_time=0 req_method=GET req_uri=/v1/jwt status_code=403
time="2020-05-05T16:24:51+08:00" level=info func=task-system/middleware.LoggerToFile.func1 file="e:/OneDrive/learning/program/Go/myGoProjects/TaskDistributionSystem/middleware/logToFile.go:48" client_ip="::1" latency_time=0 req_method=DELETE req_uri=/v1/user status_code=200
time="2020-05-05T16:24:55+08:00" level=info msg="<nil>" func=task-system/apis.JwtToUser.func1 file="e:/OneDrive/learning/program/Go/myGoProjects/TaskDistributionSystem/apis/jwt_api.go:19"
time="2020-05-05T16:24:55+08:00" level=info func=task-system/middleware.LoggerToFile.func1 file="e:/OneDrive/learning/program/Go/myGoProjects/TaskDistributionSystem/middleware/logToFile.go:48" client_ip="::1" latency_time=0 req_method=GET req_uri=/v1/user status_code=200
time="2020-05-05T16:25:55+08:00" level=info msg="<nil>" func=task-system/apis.JwtToUser.func1 file="e:/OneDrive/learning/program/Go/myGoProjects/TaskDistributionSystem/apis/jwt_api.go:19"
time="2020-05-05T16:25:55+08:00" level=info func=task-system/middleware.LoggerToFile.func1 file="e:/OneDrive/learning/program/Go/myGoProjects/TaskDistributionSystem/middleware/logToFile.go:48" client_ip="::1" latency_time=17 req_method=GET req_uri=/v1/user status_code=200
time="2020-05-05T16:26:00+08:00" level=info msg="<nil>" func=task-system/apis.JwtToUser.func1 file="e:/OneDrive/learning/program/Go/myGoProjects/TaskDistributionSystem/apis/jwt_api.go:19"
time="2020-05-05T16:26:00+08:00" level=info func=task-system/middleware.LoggerToFile.func1 file="e:/OneDrive/learning/program/Go/myGoProjects/TaskDistributionSystem/middleware/logToFile.go:48" client_ip="::1" latency_time=0 req_method=GET req_uri=/v1/user status_code=200
time="2020-05-05T16:26:04+08:00" level=info msg="test 2" func=task-system/middleware.init.0.func3 file="e:/OneDrive/learning/program/Go/myGoProjects/TaskDistributionSystem/middleware/gin-jwt.go:57"
time="2020-05-05T16:26:04+08:00" level=info func=task-system/middleware.LoggerToFile.func1 file="e:/OneDrive/learning/program/Go/myGoProjects/TaskDistributionSystem/middleware/logToFile.go:48" client_ip="::1" latency_time=0 req_method=GET req_uri=/v1/jwt status_code=403
time="2020-05-05T16:26:07+08:00" level=info msg="{4 leiju leiju@outlook.com   2020-05-05 00:41:13 +0000 UTC 2020-05-05 00:41:13 +0000 UTC 0}" func=task-system/middleware.init.0.func2 file="e:/OneDrive/learning/program/Go/myGoProjects/TaskDistributionSystem/middleware/gin-jwt.go:47"
time="2020-05-05T16:26:07+08:00" level=info func=task-system/middleware.LoggerToFile.func1 file="e:/OneDrive/learning/program/Go/myGoProjects/TaskDistributionSystem/middleware/logToFile.go:48" client_ip="::1" latency_time=152 req_method=GET req_uri="/v1/logn?pwd=12345678&emeil=leiju@outlook.com" status_code=200
time="2020-05-05T16:31:22+08:00" level=info func=task-system/middleware.LoggerToFile.func1 file="e:/OneDrive/learning/program/Go/myGoProjects/TaskDistributionSystem/middleware/logToFile.go:48" client_ip="::1" latency_time=0 req_method=GET req_uri=/v1/user status_code=401
time="2020-05-05T16:31:27+08:00" level=info func=task-system/middleware.LoggerToFile.func1 file="e:/OneDrive/learning/program/Go/myGoProjects/TaskDistributionSystem/middleware/logToFile.go:48" client_ip="::1" latency_time=0 req_method=GET req_uri=/v1/jwt status_code=200
time="2020-05-05T16:34:26+08:00" level=info msg="test 2" func=task-system/middleware.init.0.func3 file="e:/OneDrive/learning/program/Go/myGoProjects/TaskDistributionSystem/middleware/gin-jwt.go:57"
time="2020-05-05T16:34:26+08:00" level=info func=task-system/middleware.LoggerToFile.func1 file="e:/OneDrive/learning/program/Go/myGoProjects/TaskDistributionSystem/middleware/logToFile.go:48" client_ip="::1" latency_time=16 req_method=GET req_uri=/v1/jwt status_code=403
time="2020-05-05T16:34:41+08:00" level=info msg="test 2" func=task-system/middleware.init.0.func3 file="e:/OneDrive/learning/program/Go/myGoProjects/TaskDistributionSystem/middleware/gin-jwt.go:57"
time="2020-05-05T16:34:41+08:00" level=info func=task-system/middleware.LoggerToFile.func1 file="e:/OneDrive/learning/program/Go/myGoProjects/TaskDistributionSystem/middleware/logToFile.go:48" client_ip="::1" latency_time=0 req_method=GET req_uri=/v1/jwt status_code=403
time="2020-05-05T16:35:56+08:00" level=info msg="test 2" func=task-system/middleware.init.0.func3 file="e:/OneDrive/learning/program/Go/myGoProjects/TaskDistributionSystem/middleware/gin-jwt.go:57"
time="2020-05-05T16:35:56+08:00" level=info func=task-system/middleware.LoggerToFile.func1 file="e:/OneDrive/learning/program/Go/myGoProjects/TaskDistributionSystem/middleware/logToFile.go:48" client_ip="::1" latency_time=0 req_method=GET req_uri=/v1/user status_code=403
time="2020-05-05T16:37:59+08:00" level=info func=task-system/middleware.LoggerToFile.func1 file="e:/OneDrive/learning/program/Go/myGoProjects/TaskDistributionSystem/middleware/logToFile.go:48" client_ip="::1" latency_time=0 req_method=GET req_uri=/v1/user status_code=401
time="2020-05-05T16:38:07+08:00" level=info msg="test 2" func=task-system/middleware.init.0.func3 file="e:/OneDrive/learning/program/Go/myGoProjects/TaskDistributionSystem/middleware/gin-jwt.go:57"
time="2020-05-05T16:38:07+08:00" level=info func=task-system/middleware.LoggerToFile.func1 file="e:/OneDrive/learning/program/Go/myGoProjects/TaskDistributionSystem/middleware/logToFile.go:48" client_ip="::1" latency_time=0 req_method=GET req_uri=/v1/user status_code=403
time="2020-05-05T16:40:14+08:00" level=info msg="{4 leiju leiju@outlook.com   2020-05-05 00:41:13 +0000 UTC 2020-05-05 00:41:13 +0000 UTC 0}" func=task-system/middleware.init.0.func3 file="e:/OneDrive/learning/program/Go/myGoProjects/TaskDistributionSystem/middleware/gin-jwt.go:47"
time="2020-05-05T16:40:14+08:00" level=info func=task-system/middleware.LoggerToFile.func1 file="e:/OneDrive/learning/program/Go/myGoProjects/TaskDistributionSystem/middleware/logToFile.go:48" client_ip="::1" latency_time=74 req_method=GET req_uri="/v1/logn?pwd=12345678&emeil=leiju@outlook.com" status_code=200
time="2020-05-05T16:42:22+08:00" level=info msg="{4 leiju leiju@outlook.com   2020-05-05 00:41:13 +0000 UTC 2020-05-05 00:41:13 +0000 UTC 0}" func=task-system/middleware.init.0.func3 file="e:/OneDrive/learning/program/Go/myGoProjects/TaskDistributionSystem/middleware/gin-jwt.go:47"
time="2020-05-05T16:42:22+08:00" level=info func=task-system/middleware.LoggerToFile.func1 file="e:/OneDrive/learning/program/Go/myGoProjects/TaskDistributionSystem/middleware/logToFile.go:48" client_ip="::1" latency_time=76 req_method=GET req_uri="/v1/logn?pwd=12345678&emeil=leiju@outlook.com" status_code=200
time="2020-05-05T16:42:37+08:00" level=info msg="test 1" func=task-system/middleware.init.0.func4 file="e:/OneDrive/learning/program/Go/myGoProjects/TaskDistributionSystem/middleware/gin-jwt.go:54"
time="2020-05-05T16:42:37+08:00" level=info func=task-system/middleware.LoggerToFile.func1 file="e:/OneDrive/learning/program/Go/myGoProjects/TaskDistributionSystem/middleware/logToFile.go:48" client_ip="::1" latency_time=0 req_method=GET req_uri=/v1/jwt status_code=200
time="2020-05-05T16:42:44+08:00" level=info msg="test 1" func=task-system/middleware.init.0.func4 file="e:/OneDrive/learning/program/Go/myGoProjects/TaskDistributionSystem/middleware/gin-jwt.go:54"
time="2020-05-05T16:42:56+08:00" level=info func=task-system/middleware.LoggerToFile.func1 file="e:/OneDrive/learning/program/Go/myGoProjects/TaskDistributionSystem/middleware/logToFile.go:48" client_ip="::1" latency_time=1 req_method=GET req_uri=/v1/jwt status_code=401
time="2020-05-05T16:48:10+08:00" level=info func=task-system/middleware.LoggerToFile.func1 file="e:/OneDrive/learning/program/Go/myGoProjects/TaskDistributionSystem/middleware/logToFile.go:48" client_ip="::1" latency_time=0 req_method=GET req_uri=/v1/jwt status_code=401
time="2020-05-05T16:48:14+08:00" level=info msg="{4 leiju leiju@outlook.com   2020-05-05 00:41:13 +0000 UTC 2020-05-05 00:41:13 +0000 UTC 0}" func=task-system/middleware.init.0.func3 file="e:/OneDrive/learning/program/Go/myGoProjects/TaskDistributionSystem/middleware/gin-jwt.go:47"
time="2020-05-05T16:48:14+08:00" level=info func=task-system/middleware.LoggerToFile.func1 file="e:/OneDrive/learning/program/Go/myGoProjects/TaskDistributionSystem/middleware/logToFile.go:48" client_ip="::1" latency_time=74 req_method=GET req_uri="/v1/logn?pwd=12345678&emeil=leiju@outlook.com" status_code=200
time="2020-05-05T16:48:26+08:00" level=info msg="test 1" func=task-system/middleware.init.0.func4 file="e:/OneDrive/learning/program/Go/myGoProjects/TaskDistributionSystem/middleware/gin-jwt.go:54"
time="2020-05-05T16:48:26+08:00" level=info func=task-system/middleware.LoggerToFile.func1 file="e:/OneDrive/learning/program/Go/myGoProjects/TaskDistributionSystem/middleware/logToFile.go:48" client_ip="::1" latency_time=0 req_method=GET req_uri=/v1/jwt status_code=200
time="2020-05-05T16:48:32+08:00" level=info msg="test 1" func=task-system/middleware.init.0.func4 file="e:/OneDrive/learning/program/Go/myGoProjects/TaskDistributionSystem/middleware/gin-jwt.go:54"
time="2020-05-05T16:48:34+08:00" level=info msg="test 1" func=task-system/middleware.init.0.func4 file="e:/OneDrive/learning/program/Go/myGoProjects/TaskDistributionSystem/middleware/gin-jwt.go:54"
time="2020-05-05T17:08:14+08:00" level=info msg="{4 leiju leiju@outlook.com   2020-05-05 00:41:13 +0000 UTC 2020-05-05 00:41:13 +0000 UTC 0}" func=task-system/middleware.init.0.func3 file="e:/OneDrive/learning/program/Go/myGoProjects/TaskDistributionSystem/middleware/gin-jwt.go:45"
time="2020-05-05T17:08:14+08:00" level=info func=task-system/middleware.LoggerToFile.func1 file="e:/OneDrive/learning/program/Go/myGoProjects/TaskDistributionSystem/middleware/logToFile.go:48" client_ip="::1" latency_time=103 req_method=GET req_uri="/v1/logn?pwd=12345678&emeil=leiju@outlook.com" status_code=200
time="2020-05-05T17:10:32+08:00" level=info msg="{4 leiju leiju@outlook.com   2020-05-05 00:41:13 +0000 UTC 2020-05-05 00:41:13 +0000 UTC 0}" func=task-system/middleware.init.0.func3 file="e:/OneDrive/learning/program/Go/myGoProjects/TaskDistributionSystem/middleware/gin-jwt.go:46"
time="2020-05-05T17:10:32+08:00" level=info func=task-system/middleware.LoggerToFile.func1 file="e:/OneDrive/learning/program/Go/myGoProjects/TaskDistributionSystem/middleware/logToFile.go:48" client_ip="::1" latency_time=91 req_method=GET req_uri="/v1/logn?pwd=12345678&emeil=leiju@outlook.com" status_code=200
time="2020-05-05T17:13:28+08:00" level=info msg="{4 leiju leiju@outlook.com   2020-05-05 00:41:13 +0000 UTC 2020-05-05 00:41:13 +0000 UTC 0}" func=task-system/middleware.init.0.func3 file="e:/OneDrive/learning/program/Go/myGoProjects/TaskDistributionSystem/middleware/gin-jwt.go:46"
time="2020-05-05T17:13:28+08:00" level=info func=task-system/middleware.LoggerToFile.func1 file="e:/OneDrive/learning/program/Go/myGoProjects/TaskDistributionSystem/middleware/logToFile.go:48" client_ip="::1" latency_time=90 req_method=GET req_uri="/v1/logn?pwd=12345678&emeil=leiju@outlook.com" status_code=200
time="2020-05-05T17:51:48+08:00" level=info func=task-system/middleware.LoggerToFile.func1 file="e:/OneDrive/learning/program/Go/myGoProjects/TaskDistributionSystem/middleware/logToFile.go:48" client_ip="::1" latency_time=104 req_method=GET req_uri="/v1/logn?pwd=12345678&emeil=leiju@outlook.com" status_code=200
time="2020-05-05T18:02:47+08:00" level=info msg=test1 func=task-system/middleware.init.0.func2 file="e:/OneDrive/learning/program/Go/myGoProjects/TaskDistributionSystem/middleware/gin-jwt.go:36"
time="2020-05-05T18:02:47+08:00" level=info msg=test2 func=task-system/middleware.init.0.func2 file="e:/OneDrive/learning/program/Go/myGoProjects/TaskDistributionSystem/middleware/gin-jwt.go:38"
time="2020-05-05T18:12:51+08:00" level=info msg=test1 func=task-system/middleware.init.0.func2 file="e:/OneDrive/learning/program/Go/myGoProjects/TaskDistributionSystem/middleware/gin-jwt.go:36"
time="2020-05-05T18:12:51+08:00" level=info msg="test2 map[authority:0 avatar: created:2020-05-05T00:41:13Z emeil:leiju@outlook.com id:4 name:leiju password: updated:2020-05-05T00:41:13Z]" func=task-system/middleware.init.0.func2 file="e:/OneDrive/learning/program/Go/myGoProjects/TaskDistributionSystem/middleware/gin-jwt.go:38"
time="2020-05-05T18:26:08+08:00" level=info msg=test1 func=task-system/middleware.init.0.func2 file="e:/OneDrive/learning/program/Go/myGoProjects/TaskDistributionSystem/middleware/gin-jwt.go:36"
time="2020-05-05T18:26:08+08:00" level=info msg="test2 map[authority:0 avatar: created:2020-05-05T00:41:13Z emeil:leiju@outlook.com id:4 name:leiju password: updated:2020-05-05T00:41:13Z]" func=task-system/middleware.init.0.func2 file="e:/OneDrive/learning/program/Go/myGoProjects/TaskDistributionSystem/middleware/gin-jwt.go:38"
time="2020-05-05T18:38:25+08:00" level=info msg=test1 func=task-system/middleware.init.0.func2 file="e:/OneDrive/learning/program/Go/myGoProjects/TaskDistributionSystem/middleware/gin-jwt.go:36"
time="2020-05-05T18:38:25+08:00" level=info msg="test2 map[authority:0 avatar: created:2020-05-05T00:41:13Z emeil:leiju@outlook.com id:4 name:leiju password: updated:2020-05-05T00:41:13Z]" func=task-system/middleware.init.0.func2 file="e:/OneDrive/learning/program/Go/myGoProjects/TaskDistributionSystem/middleware/gin-jwt.go:38"
time="2020-05-05T19:34:58+08:00" level=info func=task-system/middleware.LoggerToFile.func1 file="e:/OneDrive/learning/program/Go/myGoProjects/TaskDistributionSystem/middleware/logToFile.go:48" client_ip="::1" latency_time=82 req_method=GET req_uri="/v1/logn?pwd=12345678&emeil=leiju@outlook.com" status_code=200
time="2020-05-05T19:36:34+08:00" level=info func=task-system/middleware.LoggerToFile.func1 file="e:/OneDrive/learning/program/Go/myGoProjects/TaskDistributionSystem/middleware/logToFile.go:48" client_ip="::1" latency_time=0 req_method=GET req_uri=/v1/jwt status_code=200
time="2020-05-05T20:10:10+08:00" level=info func=task-system/middleware.LoggerToFile.func1 file="e:/OneDrive/learning/program/Go/myGoProjects/TaskDistributionSystem/middleware/logToFile.go:48" client_ip="::1" latency_time=90 req_method=GET req_uri="/v1/logn?pwd=12345678&emeil=leiju@outlook.com" status_code=200
time="2020-05-05T20:10:21+08:00" level=info func=task-system/middleware.LoggerToFile.func1 file="e:/OneDrive/learning/program/Go/myGoProjects/TaskDistributionSystem/middleware/logToFile.go:48" client_ip="::1" latency_time=0 req_method=GET req_uri=/v1/jwt status_code=200
time="2020-05-05T20:11:19+08:00" level=info func=task-system/middleware.LoggerToFile.func1 file="e:/OneDrive/learning/program/Go/myGoProjects/TaskDistributionSystem/middleware/logToFile.go:48" client_ip="::1" latency_time=0 req_method=GET req_uri=/v1/jwt status_code=200
time="2020-05-05T20:16:16+08:00" level=info func=task-system/middleware.LoggerToFile.func1 file="e:/OneDrive/learning/program/Go/myGoProjects/TaskDistributionSystem/middleware/logToFile.go:48" client_ip="::1" latency_time=74 req_method=GET req_uri="/v1/logn?pwd=12345678&emeil=leiju@outlook.com" status_code=200
time="2020-05-05T20:16:25+08:00" level=info func=task-system/middleware.LoggerToFile.func1 file="e:/OneDrive/learning/program/Go/myGoProjects/TaskDistributionSystem/middleware/logToFile.go:48" client_ip="::1" latency_time=0 req_method=GET req_uri=/v1/jwt status_code=200
time="2020-05-05T21:03:05+08:00" level=info func=task-system/middleware.LoggerToFile.func1 file="e:/OneDrive/learning/program/Go/myGoProjects/TaskDistributionSystem/middleware/logToFile.go:48" client_ip="::1" latency_time=93 req_method=GET req_uri="/v1/logn?pwd=12345678&emeil=leiju@outlook.com" status_code=200
time="2020-05-05T21:03:18+08:00" level=info func=task-system/middleware.LoggerToFile.func1 file="e:/OneDrive/learning/program/Go/myGoProjects/TaskDistributionSystem/middleware/logToFile.go:48" client_ip="::1" latency_time=0 req_method=GET req_uri=/v1/jwt status_code=200
time="2020-05-05T21:04:27+08:00" level=info func=task-system/middleware.LoggerToFile.func1 file="e:/OneDrive/learning/program/Go/myGoProjects/TaskDistributionSystem/middleware/logToFile.go:48" client_ip="::1" latency_time=0 req_method=GET req_uri=/v1/jwt status_code=200
time="2020-05-05T21:04:28+08:00" level=info func=task-system/middleware.LoggerToFile.func1 file="e:/OneDrive/learning/program/Go/myGoProjects/TaskDistributionSystem/middleware/logToFile.go:48" client_ip="::1" latency_time=0 req_method=GET req_uri=/v1/jwt status_code=200
time="2020-05-05T21:08:33+08:00" level=info func=task-system/middleware.LoggerToFile.func1 file="e:/OneDrive/learning/program/Go/myGoProjects/TaskDistributionSystem/middleware/logToFile.go:48" client_ip="::1" latency_time=114 req_method=GET req_uri="/v1/logn?pwd=12345678&emeil=leiju@outlook.com" status_code=200
time="2020-05-05T21:08:43+08:00" level=info func=task-system/middleware.LoggerToFile.func1 file="e:/OneDrive/learning/program/Go/myGoProjects/TaskDistributionSystem/middleware/logToFile.go:48" client_ip="::1" latency_time=0 req_method=GET req_uri=/v1/jwt status_code=200
time="2020-05-05T21:08:47+08:00" level=info msg="&{0 leiju leiju@outlook.com   0001-01-01 00:00:00 +0000 UTC 0001-01-01 00:00:00 +0000 UTC 0}" func=task-system/apis.JwtToUser.func1 file="e:/OneDrive/learning/program/Go/myGoProjects/TaskDistributionSystem/apis/jwt_api.go:18"
time="2020-05-05T21:10:41+08:00" level=info func=task-system/middleware.LoggerToFile.func1 file="e:/OneDrive/learning/program/Go/myGoProjects/TaskDistributionSystem/middleware/logToFile.go:48" client_ip="::1" latency_time=0 req_method=GET req_uri=/ status_code=404
time="2020-05-05T21:10:46+08:00" level=info msg="&{0 leiju leiju@outlook.com   0001-01-01 00:00:00 +0000 UTC 0001-01-01 00:00:00 +0000 UTC 0}" func=task-system/apis.JwtToUser.func1 file="e:/OneDrive/learning/program/Go/myGoProjects/TaskDistributionSystem/apis/jwt_api.go:18"
time="2020-05-05T21:10:46+08:00" level=info func=task-system/middleware.LoggerToFile.func1 file="e:/OneDrive/learning/program/Go/myGoProjects/TaskDistributionSystem/middleware/logToFile.go:48" client_ip="::1" latency_time=0 req_method=GET req_uri=/v1/user status_code=200
