{"err":null,"file":"e:/OneDrive/learning/program/Go/myGoProjects/TaskDistributionSystem/database/cache/redis.go:31","func":"task-system/database/cache.init.0","level":"info","msg":"","pong":"PONG","time":"2020-05-07 00:03:29"}
{"client_ip":"::1","file":"e:/OneDrive/learning/program/Go/myGoProjects/TaskDistributionSystem/middleware/logToFile.go:48","func":"task-system/middleware.LoggerToFile.func1","latency_time":0,"level":"info","msg":"","req_method":"GET","req_uri":"/","status_code":404,"time":"2020-05-07 00:03:29"}
{"code":200,"data":{"id":4,"name":"leiju","emeil":"leiju@outlook.com","password":"12345678","avatar":"","created":"2020-05-05T00:41:13Z","updated":"2020-05-05T00:41:13Z","authority":0},"fields.msg":"JwtOK","file":"e:/OneDrive/learning/program/Go/myGoProjects/TaskDistributionSystem/src/common/common.go:70","func":"task-system/src/common.Rmsg","level":"info","msg":"","time":"2020-05-07 00:03:34"}
{"client_ip":"::1","file":"e:/OneDrive/learning/program/Go/myGoProjects/TaskDistributionSystem/middleware/logToFile.go:48","func":"task-system/middleware.LoggerToFile.func1","latency_time":123,"level":"info","msg":"","req_method":"GET","req_uri":"/v1/jwt","status_code":200,"time":"2020-05-07 00:03:34"}
{"code":200,"data":{"id":4,"name":"leiju","emeil":"leiju@outlook.com","password":"12345678","avatar":"","created":"2020-05-05T00:41:13Z","updated":"2020-05-05T00:41:13Z","authority":0},"fields.msg":"JwtOK","file":"e:/OneDrive/learning/program/Go/myGoProjects/TaskDistributionSystem/src/common/common.go:70","func":"task-system/src/common.Rmsg","level":"info","msg":"","time":"2020-05-07 00:04:50"}
{"client_ip":"::1","file":"e:/OneDrive/learning/program/Go/myGoProjects/TaskDistributionSystem/middleware/logToFile.go:48","func":"task-system/middleware.LoggerToFile.func1","latency_time":154,"level":"info","msg":"","req_method":"GET","req_uri":"/v1/jwt","status_code":200,"time":"2020-05-07 00:04:50"}
{"err":null,"file":"e:/OneDrive/learning/program/Go/myGoProjects/TaskDistributionSystem/database/cache/redis.go:31","func":"task-system/database/cache.init.0","level":"info","msg":"","pong":"PONG","time":"2020-05-07 00:06:27"}
{"client_ip":"::1","file":"e:/OneDrive/learning/program/Go/myGoProjects/TaskDistributionSystem/middleware/logToFile.go:48","func":"task-system/middleware.LoggerToFile.func1","latency_time":0,"level":"info","msg":"","req_method":"GET","req_uri":"/","status_code":404,"time":"2020-05-07 00:06:28"}
{"file":"e:/OneDrive/learning/program/Go/myGoProjects/TaskDistributionSystem/models/user/user.go:63","func":"task-system/models/user.(*User).GetUser","level":"error","msg":"redis: nil","time":"2020-05-07 00:06:35"}
{"code":200,"data":{"id":4,"name":"leiju","emeil":"leiju@outlook.com","password":"12345678","avatar":"","created":"2020-05-05T00:41:13Z","updated":"2020-05-05T00:41:13Z","authority":0},"fields.msg":"JwtOK","file":"e:/OneDrive/learning/program/Go/myGoProjects/TaskDistributionSystem/src/common/common.go:70","func":"task-system/src/common.Rmsg","level":"info","msg":"","time":"2020-05-07 00:06:35"}
{"client_ip":"::1","file":"e:/OneDrive/learning/program/Go/myGoProjects/TaskDistributionSystem/middleware/logToFile.go:48","func":"task-system/middleware.LoggerToFile.func1","latency_time":116,"level":"info","msg":"","req_method":"GET","req_uri":"/v1/jwt","status_code":200,"time":"2020-05-07 00:06:35"}
{"file":"e:/OneDrive/learning/program/Go/myGoProjects/TaskDistributionSystem/models/user/user.go:63","func":"task-system/models/user.(*User).GetUser","level":"error","msg":"redis: nil","time":"2020-05-07 00:07:25"}
{"code":200,"data":{"id":4,"name":"leiju","emeil":"leiju@outlook.com","password":"12345678","avatar":"","created":"2020-05-05T00:41:13Z","updated":"2020-05-05T00:41:13Z","authority":0},"fields.msg":"JwtOK","file":"e:/OneDrive/learning/program/Go/myGoProjects/TaskDistributionSystem/src/common/common.go:70","func":"task-system/src/common.Rmsg","level":"info","msg":"","time":"2020-05-07 00:07:25"}
{"client_ip":"::1","file":"e:/OneDrive/learning/program/Go/myGoProjects/TaskDistributionSystem/middleware/logToFile.go:48","func":"task-system/middleware.LoggerToFile.func1","latency_time":151,"level":"info","msg":"","req_method":"GET","req_uri":"/v1/jwt","status_code":200,"time":"2020-05-07 00:07:25"}
{"err":null,"file":"e:/OneDrive/learning/program/Go/myGoProjects/TaskDistributionSystem/database/cache/redis.go:31","func":"task-system/database/cache.init.0","level":"info","msg":"","pong":"PONG","time":"2020-05-07 00:11:25"}
{"client_ip":"::1","file":"e:/OneDrive/learning/program/Go/myGoProjects/TaskDistributionSystem/middleware/logToFile.go:48","func":"task-system/middleware.LoggerToFile.func1","latency_time":0,"level":"info","msg":"","req_method":"GET","req_uri":"/","status_code":404,"time":"2020-05-07 00:11:25"}
{"file":"e:/OneDrive/learning/program/Go/myGoProjects/TaskDistributionSystem/models/user/user.go:63","func":"task-system/models/user.(*User).GetUser","level":"error","msg":"redis: nil","time":"2020-05-07 00:11:29"}
{"code":200,"data":{"id":4,"name":"leiju","emeil":"leiju@outlook.com","password":"12345678","avatar":"","created":"2020-05-05T00:41:13Z","updated":"2020-05-05T00:41:13Z","authority":0},"fields.msg":"JwtOK","file":"e:/OneDrive/learning/program/Go/myGoProjects/TaskDistributionSystem/src/common/common.go:70","func":"task-system/src/common.Rmsg","level":"info","msg":"","time":"2020-05-07 00:11:30"}
{"client_ip":"::1","file":"e:/OneDrive/learning/program/Go/myGoProjects/TaskDistributionSystem/middleware/logToFile.go:48","func":"task-system/middleware.LoggerToFile.func1","latency_time":152,"level":"info","msg":"","req_method":"GET","req_uri":"/v1/jwt","status_code":200,"time":"2020-05-07 00:11:30"}
{"file":"e:/OneDrive/learning/program/Go/myGoProjects/TaskDistributionSystem/models/user/user.go:72","func":"task-system/models/user.(*User).GetUser","level":"info","msg":"leiju","time":"2020-05-07 00:11:30"}
{"code":200,"data":{"id":0,"name":"","emeil":"leiju@outlook.com","password":"","avatar":"","created":"0001-01-01T00:00:00Z","updated":"0001-01-01T00:00:00Z","authority":0},"fields.msg":"JwtOK","file":"e:/OneDrive/learning/program/Go/myGoProjects/TaskDistributionSystem/src/common/common.go:70","func":"task-system/src/common.Rmsg","level":"info","msg":"","time":"2020-05-07 00:11:30"}
{"client_ip":"::1","file":"e:/OneDrive/learning/program/Go/myGoProjects/TaskDistributionSystem/middleware/logToFile.go:48","func":"task-system/middleware.LoggerToFile.func1","latency_time":36,"level":"info","msg":"","req_method":"GET","req_uri":"/v1/jwt","status_code":200,"time":"2020-05-07 00:11:30"}
{"err":null,"file":"e:/OneDrive/learning/program/Go/myGoProjects/TaskDistributionSystem/database/cache/redis.go:31","func":"task-system/database/cache.init.0","level":"info","msg":"","pong":"PONG","time":"2020-05-07 23:22:38"}
{"client_ip":"::1","file":"e:/OneDrive/learning/program/Go/myGoProjects/TaskDistributionSystem/middleware/logToFile.go:48","func":"task-system/middleware.LoggerToFile.func1","latency_time":0,"level":"info","msg":"","req_method":"GET","req_uri":"/","status_code":404,"time":"2020-05-07 23:22:38"}
{"client_ip":"::1","file":"e:/OneDrive/learning/program/Go/myGoProjects/TaskDistributionSystem/middleware/logToFile.go:48","func":"task-system/middleware.LoggerToFile.func1","latency_time":0,"level":"info","msg":"","req_method":"GET","req_uri":"/favicon.ico","status_code":404,"time":"2020-05-07 23:22:38"}
