{"err":null,"file":"e:/OneDrive/learning/program/Go/myGoProjects/goBlog/database/cache/redis.go:47","func":"goBlog/database/cache.init.0","level":"info","msg":"","pong":"PONG","time":"2020-06-13 13:22:38"}
{"client_ip":"::1","file":"e:/OneDrive/learning/program/Go/myGoProjects/goBlog/middleware/logToFile.go:48","func":"goBlog/middleware.LoggerToFile.func1","latency_time":153,"level":"info","msg":"","req_method":"GET","req_uri":"/","status_code":200,"time":"2020-06-13 13:22:38"}
{"err":null,"file":"e:/OneDrive/learning/program/Go/myGoProjects/goBlog/database/cache/redis.go:47","func":"goBlog/database/cache.init.0","level":"info","msg":"","pong":"PONG","time":"2020-06-13 13:25:53"}
{"client_ip":"::1","file":"e:/OneDrive/learning/program/Go/myGoProjects/goBlog/middleware/logToFile.go:48","func":"goBlog/middleware.LoggerToFile.func1","latency_time":133,"level":"info","msg":"","req_method":"GET","req_uri":"/","status_code":200,"time":"2020-06-13 13:25:53"}
{"err":null,"file":"e:/OneDrive/learning/program/Go/myGoProjects/goBlog/database/cache/redis.go:47","func":"goBlog/database/cache.init.0","level":"info","msg":"","pong":"PONG","time":"2020-06-13 16:00:58"}
{"client_ip":"::1","file":"e:/OneDrive/learning/program/Go/myGoProjects/goBlog/middleware/logToFile.go:48","func":"goBlog/middleware.LoggerToFile.func1","latency_time":138,"level":"info","msg":"","req_method":"GET","req_uri":"/","status_code":200,"time":"2020-06-13 16:00:58"}
{"client_ip":"::1","file":"e:/OneDrive/learning/program/Go/myGoProjects/goBlog/middleware/logToFile.go:48","func":"goBlog/middleware.LoggerToFile.func1","latency_time":0,"level":"info","msg":"","req_method":"GET","req_uri":"/topgoer","status_code":404,"time":"2020-06-13 16:01:18"}
{"client_ip":"::1","file":"e:/OneDrive/learning/program/Go/myGoProjects/goBlog/middleware/logToFile.go:48","func":"goBlog/middleware.LoggerToFile.func1","latency_time":0,"level":"info","msg":"","req_method":"GET","req_uri":"/topgoer","status_code":404,"time":"2020-06-13 16:01:25"}
{"client_ip":"::1","file":"e:/OneDrive/learning/program/Go/myGoProjects/goBlog/middleware/logToFile.go:48","func":"goBlog/middleware.LoggerToFile.func1","latency_time":0,"level":"info","msg":"","req_method":"GET","req_uri":"/topgoer","status_code":404,"time":"2020-06-13 16:02:04"}
{"client_ip":"::1","file":"e:/OneDrive/learning/program/Go/myGoProjects/goBlog/middleware/logToFile.go:48","func":"goBlog/middleware.LoggerToFile.func1","latency_time":225,"level":"info","msg":"","req_method":"GET","req_uri":"/","status_code":200,"time":"2020-06-13 16:03:25"}
{"client_ip":"::1","file":"e:/OneDrive/learning/program/Go/myGoProjects/goBlog/middleware/logToFile.go:48","func":"goBlog/middleware.LoggerToFile.func1","latency_time":205,"level":"info","msg":"","req_method":"GET","req_uri":"/","status_code":200,"time":"2020-06-13 16:03:49"}
{"client_ip":"::1","file":"e:/OneDrive/learning/program/Go/myGoProjects/goBlog/middleware/logToFile.go:48","func":"goBlog/middleware.LoggerToFile.func1","latency_time":0,"level":"info","msg":"","req_method":"GET","req_uri":"/debug/pprof/heap","status_code":200,"time":"2020-06-13 16:04:46"}
{"client_ip":"::1","file":"e:/OneDrive/learning/program/Go/myGoProjects/goBlog/middleware/logToFile.go:48","func":"goBlog/middleware.LoggerToFile.func1","latency_time":0,"level":"info","msg":"","req_method":"GET","req_uri":"/debug/pprof/heap","status_code":200,"time":"2020-06-13 16:04:52"}
{"err":null,"file":"e:/OneDrive/learning/program/Go/myGoProjects/goBlog/database/cache/redis.go:47","func":"goBlog/database/cache.init.0","level":"info","msg":"","pong":"PONG","time":"2020-06-13 17:20:22"}
{"err":null,"file":"e:/OneDrive/learning/program/Go/myGoProjects/goBlog/database/cache/redis.go:47","func":"goBlog/database/cache.init.0","level":"info","msg":"","pong":"PONG","time":"2020-06-13 17:24:57"}
{"err":null,"file":"e:/OneDrive/learning/program/Go/myGoProjects/goBlog/database/cache/redis.go:47","func":"goBlog/database/cache.init.0","level":"info","msg":"","pong":"PONG","time":"2020-06-13 17:25:22"}
{"err":null,"file":"E:/OneDrive/learning/program/Go/myGoProjects/goBlog/database/cache/redis.go:47","func":"goBlog/database/cache.init.0","level":"info","msg":"","pong":"PONG","time":"2020-06-13 17:37:15"}
{"client_ip":"::1","file":"E:/OneDrive/learning/program/Go/myGoProjects/goBlog/middleware/logToFile.go:48","func":"goBlog/middleware.LoggerToFile.func1","latency_time":177,"level":"info","msg":"","req_method":"GET","req_uri":"/","status_code":200,"time":"2020-06-13 17:37:15"}
{"err":null,"file":"E:/OneDrive/learning/program/Go/myGoProjects/goBlog/database/cache/redis.go:47","func":"goBlog/database/cache.init.0","level":"info","msg":"","pong":"PONG","time":"2020-06-13 17:41:59"}
{"client_ip":"::1","file":"E:/OneDrive/learning/program/Go/myGoProjects/goBlog/middleware/logToFile.go:48","func":"goBlog/middleware.LoggerToFile.func1","latency_time":55,"level":"info","msg":"","req_method":"GET","req_uri":"/","status_code":200,"time":"2020-06-13 17:42:00"}
{"err":null,"file":"E:/OneDrive/learning/program/Go/myGoProjects/goBlog/database/cache/redis.go:47","func":"goBlog/database/cache.init.0","level":"info","msg":"","pong":"PONG","time":"2020-06-13 17:47:15"}
{"err":null,"file":"E:/OneDrive/learning/program/Go/myGoProjects/goBlog/database/cache/redis.go:47","func":"goBlog/database/cache.init.0","level":"info","msg":"","pong":"PONG","time":"2020-06-13 17:48:05"}
{"client_ip":"::1","file":"E:/OneDrive/learning/program/Go/myGoProjects/goBlog/middleware/logToFile.go:48","func":"goBlog/middleware.LoggerToFile.func1","latency_time":94,"level":"info","msg":"","req_method":"GET","req_uri":"/","status_code":200,"time":"2020-06-13 17:48:06"}
